<?xml version="1.0" encoding="utf-8"?><testsuites name="pytest tests"><testsuite name="pytest" errors="0" failures="0" skipped="0" tests="10" time="5.239" timestamp="2026-01-27T21:01:21.232072+00:00" hostname="agent-env-5ac2fdd6-1ac7-4f00-aedf-ea5bc3f557aa"><testcase classname="tests.test_ai_explanation.TestAIExplanationFeature" name="test_01_login_works" time="2.151" /><testcase classname="tests.test_ai_explanation.TestAIExplanationFeature" name="test_02_finding_detail_page_loads" time="0.340" /><testcase classname="tests.test_ai_explanation.TestAIExplanationFeature" name="test_03_generate_ai_button_exists" time="0.330" /><testcase classname="tests.test_ai_explanation.TestAIExplanationFeature" name="test_04_ai_explanation_content_exists" time="0.326" /><testcase classname="tests.test_ai_explanation.TestAIExplanationFeature" name="test_05_disclaimer_displayed" time="0.323" /><testcase classname="tests.test_ai_explanation.TestAIExplanationFeature" name="test_06_confidence_score_displayed" time="0.335" /><testcase classname="tests.test_ai_explanation.TestAIExplanationFeature" name="test_07_ai_explanation_log_section" time="0.330" /><testcase classname="tests.test_ai_explanation.TestAIExplanationDatabase" name="test_08_ai_explanation_log_exists" time="0.317" /><testcase classname="tests.test_ai_explanation.TestAIExplanationDatabase" name="test_09_finding_ai_explanation_updated" time="0.399" /><testcase classname="tests.test_ai_explanation.TestAIExplanationDatabase" name="test_10_model_used_is_gemini" time="0.323" /></testsuite></testsuites>