<?xml version="1.0" encoding="utf-8"?><testsuites name="pytest tests"><testsuite name="pytest" errors="0" failures="10" skipped="0" tests="10" time="2.417" timestamp="2026-01-27T21:00:37.304089+00:00" hostname="agent-env-5ac2fdd6-1ac7-4f00-aedf-ea5bc3f557aa"><testcase classname="tests.test_ai_explanation.TestAIExplanationFeature" name="test_01_login_works" time="1.846"><failure message="AssertionError: Login failed with status 404&#10;assert 404 == 200&#10; +  where 404 = &lt;Response [404]&gt;.status_code">tests/test_ai_explanation.py:60: in test_01_login_works
    assert response.status_code == 200, f"Login failed with status {response.status_code}"
E   AssertionError: Login failed with status 404
E   assert 404 == 200
E    +  where 404 = &lt;Response [404]&gt;.status_code</failure></testcase><testcase classname="tests.test_ai_explanation.TestAIExplanationFeature" name="test_02_finding_detail_page_loads" time="0.080"><failure message="AssertionError: Finding page failed with status 404&#10;assert 404 == 200&#10; +  where 404 = &lt;Response [404]&gt;.status_code">tests/test_ai_explanation.py:72: in test_02_finding_detail_page_loads
    assert response.status_code == 200, f"Finding page failed with status {response.status_code}"
E   AssertionError: Finding page failed with status 404
E   assert 404 == 200
E    +  where 404 = &lt;Response [404]&gt;.status_code</failure></testcase><testcase classname="tests.test_ai_explanation.TestAIExplanationFeature" name="test_03_generate_ai_button_exists" time="0.074"><failure message="assert 404 == 200&#10; +  where 404 = &lt;Response [404]&gt;.status_code">tests/test_ai_explanation.py:85: in test_03_generate_ai_button_exists
    assert response.status_code == 200
E   assert 404 == 200
E    +  where 404 = &lt;Response [404]&gt;.status_code</failure></testcase><testcase classname="tests.test_ai_explanation.TestAIExplanationFeature" name="test_04_ai_explanation_content_exists" time="0.075"><failure message="assert 404 == 200&#10; +  where 404 = &lt;Response [404]&gt;.status_code">tests/test_ai_explanation.py:99: in test_04_ai_explanation_content_exists
    assert response.status_code == 200
E   assert 404 == 200
E    +  where 404 = &lt;Response [404]&gt;.status_code</failure></testcase><testcase classname="tests.test_ai_explanation.TestAIExplanationFeature" name="test_05_disclaimer_displayed" time="0.087"><failure message="assert 404 == 200&#10; +  where 404 = &lt;Response [404]&gt;.status_code">tests/test_ai_explanation.py:112: in test_05_disclaimer_displayed
    assert response.status_code == 200
E   assert 404 == 200
E    +  where 404 = &lt;Response [404]&gt;.status_code</failure></testcase><testcase classname="tests.test_ai_explanation.TestAIExplanationFeature" name="test_06_confidence_score_displayed" time="0.076"><failure message="assert 404 == 200&#10; +  where 404 = &lt;Response [404]&gt;.status_code">tests/test_ai_explanation.py:125: in test_06_confidence_score_displayed
    assert response.status_code == 200
E   assert 404 == 200
E    +  where 404 = &lt;Response [404]&gt;.status_code</failure></testcase><testcase classname="tests.test_ai_explanation.TestAIExplanationFeature" name="test_07_ai_explanation_log_section" time="0.074"><failure message="assert 404 == 200&#10; +  where 404 = &lt;Response [404]&gt;.status_code">tests/test_ai_explanation.py:140: in test_07_ai_explanation_log_section
    assert response.status_code == 200
E   assert 404 == 200
E    +  where 404 = &lt;Response [404]&gt;.status_code</failure></testcase><testcase classname="tests.test_ai_explanation.TestAIExplanationDatabase" name="test_08_ai_explanation_log_exists" time="0.000"><failure message="NameError: name 'logs' is not defined">tests/test_ai_explanation.py:159: in test_08_ai_explanation_log_exists
    print(f'LOG_COUNT:{logs.count()}')
                       ^^^^
E   NameError: name 'logs' is not defined</failure></testcase><testcase classname="tests.test_ai_explanation.TestAIExplanationDatabase" name="test_09_finding_ai_explanation_updated" time="0.000"><failure message="NameError: name 'has_explanation' is not defined">tests/test_ai_explanation.py:188: in test_09_finding_ai_explanation_updated
    print(f'HAS_EXPLANATION:{has_explanation}')
                             ^^^^^^^^^^^^^^^
E   NameError: name 'has_explanation' is not defined</failure></testcase><testcase classname="tests.test_ai_explanation.TestAIExplanationDatabase" name="test_10_model_used_is_gemini" time="0.000"><failure message="NameError: name 'log' is not defined">tests/test_ai_explanation.py:217: in test_10_model_used_is_gemini
    print(f'MODEL:{log.model_used}')
                   ^^^
E   NameError: name 'log' is not defined</failure></testcase></testsuite></testsuites>